[debug] [2026-02-10T10:23:22.004Z] ----------------------------------------------------------------------
[debug] [2026-02-10T10:23:22.008Z] Command:       C:\Program Files\nodejs\node.exe C:\Users\smbap\AppData\Roaming\npm\node_modules\firebase-tools\lib\bin\firebase.js init
[debug] [2026-02-10T10:23:22.008Z] CLI Version:   15.5.1
[debug] [2026-02-10T10:23:22.008Z] Platform:      win32
[debug] [2026-02-10T10:23:22.008Z] Node Version:  v24.13.0
[debug] [2026-02-10T10:23:22.009Z] Time:          Tue Feb 10 2026 16:23:22 GMT+0600 (Bangladesh Standard Time)
[debug] [2026-02-10T10:23:22.009Z] ----------------------------------------------------------------------
[debug] 
[info] 
     ######## #### ########  ######## ########     ###     ######  ########
     ##        ##  ##     ## ##       ##     ##  ##   ##  ##       ##
     ######    ##  ########  ######   ########  #########  ######  ######
     ##        ##  ##    ##  ##       ##     ## ##     ##       ## ##
     ##       #### ##     ## ######## ########  ##     ##  ######  ########

You're about to initialize a Firebase project in this directory:

  G:\Digital-Life-Lessons

[info] 
=== Project Setup
[info] 
[info] First, let's associate this project directory with a Firebase project.
[info] You can create multiple project aliases by running firebase use --add, 
[info] 
[debug] [2026-02-10T10:24:17.911Z] > command requires scopes: ["email","openid","https://www.googleapis.com/auth/cloudplatformprojects.readonly","https://www.googleapis.com/auth/firebase","https://www.googleapis.com/auth/cloud-platform"]
[debug] [2026-02-10T10:24:17.912Z] > authorizing via signed-in user (smshaonhossen@gmail.com)
[debug] [2026-02-10T10:24:17.913Z] Checked if tokens are valid: true, expires at: 1770722587138
[debug] [2026-02-10T10:24:17.913Z] Checked if tokens are valid: true, expires at: 1770722587138
[debug] [2026-02-10T10:24:17.914Z] >>> [apiv2][query] GET https://firebase.googleapis.com/v1beta1/projects pageSize=100
[debug] [2026-02-10T10:24:19.001Z] <<< [apiv2][status] GET https://firebase.googleapis.com/v1beta1/projects 200
[debug] [2026-02-10T10:24:19.001Z] <<< [apiv2][body] GET https://firebase.googleapis.com/v1beta1/projects [omitted]
[info] 
=== Dataconnect Setup
[info] i  dataconnect: ensuring required API firebasedataconnect.googleapis.com is enabled... 
[debug] [2026-02-10T10:24:28.931Z] Checked if tokens are valid: true, expires at: 1770722587138
[debug] [2026-02-10T10:24:28.931Z] Checked if tokens are valid: true, expires at: 1770722587138
[info] i  dataconnect: ensuring required API sqladmin.googleapis.com is enabled... 
[debug] [2026-02-10T10:24:28.931Z] Checked if tokens are valid: true, expires at: 1770722587138
[debug] [2026-02-10T10:24:28.931Z] Checked if tokens are valid: true, expires at: 1770722587138
[debug] [2026-02-10T10:24:28.932Z] >>> [apiv2][query] GET https://serviceusage.googleapis.com/v1/projects/digital-life-lessons-9885d/services/firebasedataconnect.googleapis.com [none]
[debug] [2026-02-10T10:24:28.932Z] >>> [apiv2][(partial)header] GET https://serviceusage.googleapis.com/v1/projects/digital-life-lessons-9885d/services/firebasedataconnect.googleapis.com  x-goog-user-project=digital-life-lessons-9885d
[debug] [2026-02-10T10:24:28.933Z] >>> [apiv2][query] GET https://serviceusage.googleapis.com/v1/projects/digital-life-lessons-9885d/services/sqladmin.googleapis.com [none]
[debug] [2026-02-10T10:24:28.933Z] >>> [apiv2][(partial)header] GET https://serviceusage.googleapis.com/v1/projects/digital-life-lessons-9885d/services/sqladmin.googleapis.com  x-goog-user-project=digital-life-lessons-9885d
[debug] [2026-02-10T10:24:30.956Z] <<< [apiv2][status] GET https://serviceusage.googleapis.com/v1/projects/digital-life-lessons-9885d/services/firebasedataconnect.googleapis.com 200
[debug] [2026-02-10T10:24:30.957Z] <<< [apiv2][body] GET https://serviceusage.googleapis.com/v1/projects/digital-life-lessons-9885d/services/firebasedataconnect.googleapis.com [omitted]
[warn] !  dataconnect: missing required API firebasedataconnect.googleapis.com. Enabling now... 
[debug] [2026-02-10T10:24:30.957Z] Checked if tokens are valid: true, expires at: 1770722587138
[debug] [2026-02-10T10:24:30.957Z] Checked if tokens are valid: true, expires at: 1770722587138
[debug] [2026-02-10T10:24:30.957Z] >>> [apiv2][query] POST https://serviceusage.googleapis.com/v1/projects/digital-life-lessons-9885d/services/firebasedataconnect.googleapis.com:enable [none]
[debug] [2026-02-10T10:24:30.958Z] >>> [apiv2][(partial)header] POST https://serviceusage.googleapis.com/v1/projects/digital-life-lessons-9885d/services/firebasedataconnect.googleapis.com:enable  x-goog-user-project=digital-life-lessons-9885d
[debug] [2026-02-10T10:24:30.983Z] <<< [apiv2][status] GET https://serviceusage.googleapis.com/v1/projects/digital-life-lessons-9885d/services/sqladmin.googleapis.com 200
[debug] [2026-02-10T10:24:30.983Z] <<< [apiv2][body] GET https://serviceusage.googleapis.com/v1/projects/digital-life-lessons-9885d/services/sqladmin.googleapis.com [omitted]
[warn] !  dataconnect: missing required API sqladmin.googleapis.com. Enabling now... 
[debug] [2026-02-10T10:24:30.983Z] Checked if tokens are valid: true, expires at: 1770722587138
[debug] [2026-02-10T10:24:30.983Z] Checked if tokens are valid: true, expires at: 1770722587138
[debug] [2026-02-10T10:24:30.984Z] >>> [apiv2][query] POST https://serviceusage.googleapis.com/v1/projects/digital-life-lessons-9885d/services/sqladmin.googleapis.com:enable [none]
[debug] [2026-02-10T10:24:30.984Z] >>> [apiv2][(partial)header] POST https://serviceusage.googleapis.com/v1/projects/digital-life-lessons-9885d/services/sqladmin.googleapis.com:enable  x-goog-user-project=digital-life-lessons-9885d
[debug] [2026-02-10T10:24:31.503Z] <<< [apiv2][status] POST https://serviceusage.googleapis.com/v1/projects/digital-life-lessons-9885d/services/firebasedataconnect.googleapis.com:enable 200
[debug] [2026-02-10T10:24:31.503Z] <<< [apiv2][body] POST https://serviceusage.googleapis.com/v1/projects/digital-life-lessons-9885d/services/firebasedataconnect.googleapis.com:enable [omitted]
[debug] [2026-02-10T10:24:31.864Z] <<< [apiv2][status] POST https://serviceusage.googleapis.com/v1/projects/digital-life-lessons-9885d/services/sqladmin.googleapis.com:enable 200
[debug] [2026-02-10T10:24:31.864Z] <<< [apiv2][body] POST https://serviceusage.googleapis.com/v1/projects/digital-life-lessons-9885d/services/sqladmin.googleapis.com:enable [omitted]
[debug] [2026-02-10T10:24:41.881Z] Checked if tokens are valid: true, expires at: 1770722587138
[debug] [2026-02-10T10:24:41.882Z] Checked if tokens are valid: true, expires at: 1770722587138
[debug] [2026-02-10T10:24:41.882Z] >>> [apiv2][query] GET https://firebasedataconnect.googleapis.com/v1/projects/digital-life-lessons-9885d/locations/-/services [none]
[debug] [2026-02-10T10:24:44.116Z] <<< [apiv2][status] GET https://firebasedataconnect.googleapis.com/v1/projects/digital-life-lessons-9885d/locations/-/services 200
[debug] [2026-02-10T10:24:44.116Z] <<< [apiv2][body] GET https://firebasedataconnect.googleapis.com/v1/projects/digital-life-lessons-9885d/locations/-/services {}
[debug] [2026-02-10T10:25:06.143Z] Checked if tokens are valid: true, expires at: 1770722587138
[debug] [2026-02-10T10:25:06.143Z] Checked if tokens are valid: true, expires at: 1770722587138
[debug] [2026-02-10T10:25:06.143Z] >>> [apiv2][query] GET https://cloudbilling.googleapis.com/v1/projects/digital-life-lessons-9885d/billingInfo [none]
[debug] [2026-02-10T10:25:07.658Z] <<< [apiv2][status] GET https://cloudbilling.googleapis.com/v1/projects/digital-life-lessons-9885d/billingInfo 200
[debug] [2026-02-10T10:25:07.658Z] <<< [apiv2][body] GET https://cloudbilling.googleapis.com/v1/projects/digital-life-lessons-9885d/billingInfo {"name":"projects/digital-life-lessons-9885d/billingInfo","projectId":"digital-life-lessons-9885d","billingAccountName":"","billingEnabled":false}
[debug] [2026-02-10T10:25:07.659Z] Checked if tokens are valid: true, expires at: 1770722587138
[debug] [2026-02-10T10:25:07.659Z] Checked if tokens are valid: true, expires at: 1770722587138
[debug] [2026-02-10T10:25:07.659Z] >>> [apiv2][query] GET https://monitoring.googleapis.com/v3/projects/digital-life-lessons-9885d/timeSeries/ filter=metric.type%3D%22serviceruntime.googleapis.com%2Fquota%2Fallocation%2Fusage%22+AND+metric.label.quota_metric+%3D+%22sqladmin.googleapis.com%2Ffdc_lifetime_free_trial_per_project%22&interval.endTime=2026-02-10T10%3A25%3A07.659Z&interval.startTime=2026-02-03T10%3A25%3A07.658Z
[debug] [2026-02-10T10:25:09.311Z] <<< [apiv2][status] GET https://monitoring.googleapis.com/v3/projects/digital-life-lessons-9885d/timeSeries/ 200
[debug] [2026-02-10T10:25:09.311Z] <<< [apiv2][body] GET https://monitoring.googleapis.com/v3/projects/digital-life-lessons-9885d/timeSeries/ {"unit":"1"}
[info] +  dataconnect: Detected existing apps . (web) 
[debug] [2026-02-10T10:25:09.358Z] Checked if tokens are valid: true, expires at: 1770722587138
[debug] [2026-02-10T10:25:09.358Z] Checked if tokens are valid: true, expires at: 1770722587138
[debug] [2026-02-10T10:25:09.358Z] >>> [apiv2][query] GET https://firebasedataconnect.googleapis.com/v1/projects/digital-life-lessons-9885d/locations/us-east4/services/digital-life-lessons/schemas pageSize=100&pageToken=&fields=schemas.name%2Cschemas.datasources%2Cschemas.source
[debug] [2026-02-10T10:25:11.313Z] <<< [apiv2][status] GET https://firebasedataconnect.googleapis.com/v1/projects/digital-life-lessons-9885d/locations/us-east4/services/digital-life-lessons/schemas 404
[debug] [2026-02-10T10:25:11.313Z] <<< [apiv2][body] GET https://firebasedataconnect.googleapis.com/v1/projects/digital-life-lessons-9885d/locations/us-east4/services/digital-life-lessons/schemas {"error":{"code":404,"message":"Resource 'services/digital-life-lessons' was not found","status":"NOT_FOUND","details":[{"@type":"type.googleapis.com/google.rpc.ResourceInfo","resourceName":"services/digital-life-lessons"}]}}
[info] +  Wrote dataconnect\dataconnect.yaml 
[info] +  Wrote dataconnect\seed_data.gql 
[info] +  Wrote dataconnect\schema\schema.gql 
[info] +  Wrote dataconnect\example\connector.yaml 
[info] +  Wrote dataconnect\example\queries.gql 
[info] +  Wrote dataconnect\example\mutations.gql 
[info] +  Wrote dataconnect\example\connector.yaml 
[info] i  dataconnect: Installing the generated SDKs ... 
[info] i  dataconnect: downloading dataconnect-emulator-3.1.1.exe... {"metadata":{"emulator":{"name":"dataconnect"},"message":"downloading dataconnect-emulator-3.1.1.exe..."}}
[debug] [2026-02-10T10:25:11.418Z] >>> [apiv2][query] GET https://storage.googleapis.com/firemat-preview-drop/emulator/dataconnect-emulator-windows-amd64-v3.1.1 
[debug] [2026-02-10T10:25:12.203Z] <<< [apiv2][status] GET https://storage.googleapis.com/firemat-preview-drop/emulator/dataconnect-emulator-windows-amd64-v3.1.1 200
[debug] [2026-02-10T10:25:12.204Z] <<< [apiv2][body] GET https://storage.googleapis.com/firemat-preview-drop/emulator/dataconnect-emulator-windows-amd64-v3.1.1 [stream]
[debug] [2026-02-10T10:25:39.361Z] defaultcredentials: writing to file C:\Users\smbap\AppData\Roaming\firebase\smshaonhossen_gmail_com_application_default_credentials.json
[info] +  dataconnect: Installed generated SDKs for . (web) 
[info] i  Visit https://firebase.google.com/docs/data-connect/web-sdk#react for more information on how to set up React Generated SDKs for Firebase Data Connect 
[info] 
=== Firestore Setup
[info] i  firestore: ensuring required API firestore.googleapis.com is enabled... 
[debug] [2026-02-10T10:26:00.022Z] Checked if tokens are valid: true, expires at: 1770722587138
[debug] [2026-02-10T10:26:00.022Z] Checked if tokens are valid: true, expires at: 1770722587138
[debug] [2026-02-10T10:26:00.023Z] >>> [apiv2][query] GET https://serviceusage.googleapis.com/v1/projects/digital-life-lessons-9885d/services/firestore.googleapis.com [none]
[debug] [2026-02-10T10:26:00.023Z] >>> [apiv2][(partial)header] GET https://serviceusage.googleapis.com/v1/projects/digital-life-lessons-9885d/services/firestore.googleapis.com  x-goog-user-project=digital-life-lessons-9885d
[debug] [2026-02-10T10:26:02.116Z] <<< [apiv2][status] GET https://serviceusage.googleapis.com/v1/projects/digital-life-lessons-9885d/services/firestore.googleapis.com 200
[debug] [2026-02-10T10:26:02.116Z] <<< [apiv2][body] GET https://serviceusage.googleapis.com/v1/projects/digital-life-lessons-9885d/services/firestore.googleapis.com [omitted]
[warn] !  firestore: missing required API firestore.googleapis.com. Enabling now... 
[debug] [2026-02-10T10:26:02.185Z] Checked if tokens are valid: true, expires at: 1770722587138
[debug] [2026-02-10T10:26:02.185Z] Checked if tokens are valid: true, expires at: 1770722587138
[debug] [2026-02-10T10:26:02.185Z] >>> [apiv2][query] POST https://serviceusage.googleapis.com/v1/projects/digital-life-lessons-9885d/services/firestore.googleapis.com:enable [none]
[debug] [2026-02-10T10:26:02.186Z] >>> [apiv2][(partial)header] POST https://serviceusage.googleapis.com/v1/projects/digital-life-lessons-9885d/services/firestore.googleapis.com:enable  x-goog-user-project=digital-life-lessons-9885d
[debug] [2026-02-10T10:26:04.188Z] <<< [apiv2][status] POST https://serviceusage.googleapis.com/v1/projects/digital-life-lessons-9885d/services/firestore.googleapis.com:enable 200
[debug] [2026-02-10T10:26:04.188Z] <<< [apiv2][body] POST https://serviceusage.googleapis.com/v1/projects/digital-life-lessons-9885d/services/firestore.googleapis.com:enable [omitted]
[debug] [2026-02-10T10:26:14.273Z] Checked if tokens are valid: true, expires at: 1770722587138
[debug] [2026-02-10T10:26:14.273Z] Checked if tokens are valid: true, expires at: 1770722587138
[debug] [2026-02-10T10:26:14.273Z] >>> [apiv2][query] GET https://firestore.googleapis.com/v1/projects/digital-life-lessons-9885d/databases [none]
[debug] [2026-02-10T10:26:15.090Z] <<< [apiv2][status] GET https://firestore.googleapis.com/v1/projects/digital-life-lessons-9885d/databases 200
[debug] [2026-02-10T10:26:15.090Z] <<< [apiv2][body] GET https://firestore.googleapis.com/v1/projects/digital-life-lessons-9885d/databases {}
[debug] [2026-02-10T10:26:15.090Z] Checked if tokens are valid: true, expires at: 1770722587138
[debug] [2026-02-10T10:26:15.090Z] Checked if tokens are valid: true, expires at: 1770722587138
[debug] [2026-02-10T10:26:15.090Z] >>> [apiv2][query] GET https://firestore.googleapis.com/v1/projects/digital-life-lessons-9885d/locations [none]
[debug] [2026-02-10T10:26:15.598Z] <<< [apiv2][status] GET https://firestore.googleapis.com/v1/projects/digital-life-lessons-9885d/locations 200
[debug] [2026-02-10T10:26:15.599Z] <<< [apiv2][body] GET https://firestore.googleapis.com/v1/projects/digital-life-lessons-9885d/locations {"locations":[{"name":"projects/digital-life-lessons-9885d/locations/eur3","labels":{"appengine.googleapis.com/geo":"europe-west","cloud.googleapis.com/location":"eur3","cloud.googleapis.com/geo":"eur3"},"metadata":{"@type":"type.googleapis.com/google.firestore.admin.v1.LocationMetadata"},"locationId":"eur3","displayName":"Europe"},{"name":"projects/digital-life-lessons-9885d/locations/nam5","labels":{"appengine.googleapis.com/geo":"us-central","cloud.googleapis.com/location":"nam5","cloud.googleapis.com/geo":"nam5"},"metadata":{"@type":"type.googleapis.com/google.firestore.admin.v1.LocationMetadata"},"locationId":"nam5","displayName":"United States"},{"name":"projects/digital-life-lessons-9885d/locations/nam7","labels":{"cloud.googleapis.com/location":"nam7","cloud.googleapis.com/geo":"nam7"},"metadata":{"@type":"type.googleapis.com/google.firestore.admin.v1.LocationMetadata"},"locationId":"nam7","displayName":"United States"},{"name":"projects/digital-life-lessons-9885d/locations/africa-south1","labels":{"cloud.googleapis.com/location":"africa-south1","cloud.googleapis.com/region":"africa-south1"},"metadata":{"@type":"type.googleapis.com/google.firestore.admin.v1.LocationMetadata"},"locationId":"africa-south1","displayName":"Johannesburg"},{"name":"projects/digital-life-lessons-9885d/locations/asia-east1","labels":{"appengine.googleapis.com/region":"asia-east1","cloud.googleapis.com/location":"asia-east1","cloud.googleapis.com/region":"asia-east1"},"metadata":{"@type":"type.googleapis.com/google.firestore.admin.v1.LocationMetadata"},"locationId":"asia-east1","displayName":"Taiwan"},{"name":"projects/digital-life-lessons-9885d/locations/asia-east2","labels":{"appengine.googleapis.com/region":"asia-east2","cloud.googleapis.com/location":"asia-east2","cloud.googleapis.com/region":"asia-east2"},"metadata":{"@type":"type.googleapis.com/google.firestore.admin.v1.LocationMetadata"},"locationId":"asia-east2","displayName":"Hong Kong"},{"name":"projects/digital-life-lessons-9885d/locations/asia-northeast1","labels":{"appengine.googleapis.com/region":"asia-northeast1","cloud.googleapis.com/location":"asia-northeast1","cloud.googleapis.com/region":"asia-northeast1"},"metadata":{"@type":"type.googleapis.com/google.firestore.admin.v1.LocationMetadata"},"locationId":"asia-northeast1","displayName":"Tokyo"},{"name":"projects/digital-life-lessons-9885d/locations/asia-northeast2","labels":{"appengine.googleapis.com/region":"asia-northeast2","cloud.googleapis.com/location":"asia-northeast2","cloud.googleapis.com/region":"asia-northeast2"},"metadata":{"@type":"type.googleapis.com/google.firestore.admin.v1.LocationMetadata"},"locationId":"asia-northeast2","displayName":"Osaka"},{"name":"projects/digital-life-lessons-9885d/locations/asia-northeast3","labels":{"appengine.googleapis.com/region":"asia-northeast3","cloud.googleapis.com/location":"asia-northeast3","cloud.googleapis.com/region":"asia-northeast3"},"metadata":{"@type":"type.googleapis.com/google.firestore.admin.v1.LocationMetadata"},"locationId":"asia-northeast3","displayName":"Seoul"},{"name":"projects/digital-life-lessons-9885d/locations/asia-south1","labels":{"appengine.googleapis.com/region":"asia-south1","cloud.googleapis.com/location":"asia-south1","cloud.googleapis.com/region":"asia-south1"},"metadata":{"@type":"type.googleapis.com/google.firestore.admin.v1.LocationMetadata"},"locationId":"asia-south1","displayName":"Mumbai"},{"name":"projects/digital-life-lessons-9885d/locations/asia-south2","labels":{"cloud.googleapis.com/location":"asia-south2","cloud.googleapis.com/region":"asia-south2"},"metadata":{"@type":"type.googleapis.com/google.firestore.admin.v1.LocationMetadata"},"locationId":"asia-south2","displayName":"Delhi"},{"name":"projects/digital-life-lessons-9885d/locations/asia-southeast1","labels":{"appengine.googleapis.com/region":"asia-southeast1","cloud.googleapis.com/location":"asia-southeast1","cloud.googleapis.com/region":"asia-southeast1"},"metadata":{"@type":"type.googleapis.com/google.firestore.admin.v1.LocationMetadata"},"locationId":"asia-southeast1","displayName":"Singapore"},{"name":"projects/digital-life-lessons-9885d/locations/asia-southeast2","labels":{"appengine.googleapis.com/region":"asia-southeast2","cloud.googleapis.com/location":"asia-southeast2","cloud.googleapis.com/region":"asia-southeast2"},"metadata":{"@type":"type.googleapis.com/google.firestore.admin.v1.LocationMetadata"},"locationId":"asia-southeast2","displayName":"Jakarta"},{"name":"projects/digital-life-lessons-9885d/locations/asia-southeast3","labels":{"cloud.googleapis.com/location":"asia-southeast3","cloud.googleapis.com/region":"asia-southeast3"},"metadata":{"@type":"type.googleapis.com/google.firestore.admin.v1.LocationMetadata"},"locationId":"asia-southeast3","displayName":"Bangkok"},{"name":"projects/digital-life-lessons-9885d/locations/australia-southeast1","labels":{"appengine.googleapis.com/region":"australia-southeast1","cloud.googleapis.com/location":"australia-southeast1","cloud.googleapis.com/region":"australia-southeast1"},"metadata":{"@type":"type.googleapis.com/google.firestore.admin.v1.LocationMetadata"},"locationId":"australia-southeast1","displayName":"Sydney"},{"name":"projects/digital-life-lessons-9885d/locations/australia-southeast2","labels":{"cloud.googleapis.com/location":"australia-southeast2","cloud.googleapis.com/region":"australia-southeast2"},"metadata":{"@type":"type.googleapis.com/google.firestore.admin.v1.LocationMetadata"},"locationId":"australia-southeast2","displayName":"Melbourne"},{"name":"projects/digital-life-lessons-9885d/locations/europe-central2","labels":{"appengine.googleapis.com/region":"europe-central2","cloud.googleapis.com/location":"europe-central2","cloud.googleapis.com/region":"europe-central2"},"metadata":{"@type":"type.googleapis.com/google.firestore.admin.v1.LocationMetadata"},"locationId":"europe-central2","displayName":"Warsaw"},{"name":"projects/digital-life-lessons-9885d/locations/europe-north1","labels":{"cloud.googleapis.com/location":"europe-north1","cloud.googleapis.com/region":"europe-north1"},"metadata":{"@type":"type.googleapis.com/google.firestore.admin.v1.LocationMetadata"},"locationId":"europe-north1","displayName":"Finland"},{"name":"projects/digital-life-lessons-9885d/locations/europe-north2","labels":{"cloud.googleapis.com/location":"europe-north2","cloud.googleapis.com/region":"europe-north2"},"metadata":{"@type":"type.googleapis.com/google.firestore.admin.v1.LocationMetadata"},"locationId":"europe-north2","displayName":"Stockholm"},{"name":"projects/digital-life-lessons-9885d/locations/europe-southwest1","labels":{"cloud.googleapis.com/location":"europe-southwest1","cloud.googleapis.com/region":"europe-southwest1"},"metadata":{"@type":"type.googleapis.com/google.firestore.admin.v1.LocationMetadata"},"locationId":"europe-southwest1","displayName":"Madrid"},{"name":"projects/digital-life-lessons-9885d/locations/europe-west1","labels":{"cloud.googleapis.com/location":"europe-west1","cloud.googleapis.com/region":"europe-west1"},"metadata":{"@type":"type.googleapis.com/google.firestore.admin.v1.LocationMetadata"},"locationId":"europe-west1","displayName":"Belgium"},{"name":"projects/digital-life-lessons-9885d/locations/europe-west10","labels":{"cloud.googleapis.com/location":"europe-west10","cloud.googleapis.com/region":"europe-west10"},"metadata":{"@type":"type.googleapis.com/google.firestore.admin.v1.LocationMetadata"},"locationId":"europe-west10","displayName":"Berlin"},{"name":"projects/digital-life-lessons-9885d/locations/europe-west12","labels":{"cloud.googleapis.com/location":"europe-west12","cloud.googleapis.com/region":"europe-west12"},"metadata":{"@type":"type.googleapis.com/google.firestore.admin.v1.LocationMetadata"},"locationId":"europe-west12","displayName":"Turin"},{"name":"projects/digital-life-lessons-9885d/locations/europe-west2","labels":{"appengine.googleapis.com/region":"europe-west2","cloud.googleapis.com/location":"europe-west2","cloud.googleapis.com/region":"europe-west2"},"metadata":{"@type":"type.googleapis.com/google.firestore.admin.v1.LocationMetadata"},"locationId":"europe-west2","displayName":"London"},{"name":"projects/digital-life-lessons-9885d/locations/europe-west3","labels":{"appengine.googleapis.com/region":"europe-west3","cloud.googleapis.com/location":"europe-west3","cloud.googleapis.com/region":"europe-west3"},"metadata":{"@type":"type.googleapis.com/google.firestore.admin.v1.LocationMetadata"},"locationId":"europe-west3","displayName":"Frankfurt"},{"name":"projects/digital-life-lessons-9885d/locations/europe-west4","labels":{"cloud.googleapis.com/location":"europe-west4","cloud.googleapis.com/region":"europe-west4"},"metadata":{"@type":"type.googleapis.com/google.firestore.admin.v1.LocationMetadata"},"locationId":"europe-west4","displayName":"Netherlands"},{"name":"projects/digital-life-lessons-9885d/locations/europe-west6","labels":{"appengine.googleapis.com/region":"europe-west6","cloud.googleapis.com/location":"europe-west6","cloud.googleapis.com/region":"europe-west6"},"metadata":{"@type":"type.googleapis.com/google.firestore.admin.v1.LocationMetadata"},"locationId":"europe-west6","displayName":"Zurich"},{"name":"projects/digital-life-lessons-9885d/locations/europe-west8","labels":{"cloud.googleapis.com/location":"europe-west8","cloud.googleapis.com/region":"europe-west8"},"metadata":{"@type":"type.googleapis.com/google.firestore.admin.v1.LocationMetadata"},"locationId":"europe-west8","displayName":"Milan"},{"name":"projects/digital-life-lessons-9885d/locations/europe-west9","labels":{"cloud.googleapis.com/location":"europe-west9","cloud.googleapis.com/region":"europe-west9"},"metadata":{"@type":"type.googleapis.com/google.firestore.admin.v1.LocationMetadata"},"locationId":"europe-west9","displayName":"Paris"},{"name":"projects/digital-life-lessons-9885d/locations/me-central1","labels":{"cloud.googleapis.com/location":"me-central1","cloud.googleapis.com/region":"me-central1"},"metadata":{"@type":"type.googleapis.com/google.firestore.admin.v1.LocationMetadata"},"locationId":"me-central1","displayName":"Doha"},{"name":"projects/digital-life-lessons-9885d/locations/me-central2","labels":{"cloud.googleapis.com/location":"me-central2","cloud.googleapis.com/region":"me-central2"},"metadata":{"@type":"type.googleapis.com/google.firestore.admin.v1.LocationMetadata"},"locationId":"me-central2","displayName":"Dammam"},{"name":"projects/digital-life-lessons-9885d/locations/me-west1","labels":{"cloud.googleapis.com/location":"me-west1","cloud.googleapis.com/region":"me-west1"},"metadata":{"@type":"type.googleapis.com/google.firestore.admin.v1.LocationMetadata"},"locationId":"me-west1","displayName":"Tel Aviv"},{"name":"projects/digital-life-lessons-9885d/locations/northamerica-northeast1","labels":{"appengine.googleapis.com/region":"northamerica-northeast1","cloud.googleapis.com/location":"northamerica-northeast1","cloud.googleapis.com/region":"northamerica-northeast1"},"metadata":{"@type":"type.googleapis.com/google.firestore.admin.v1.LocationMetadata"},"locationId":"northamerica-northeast1","displayName":"Montréal"},{"name":"projects/digital-life-lessons-9885d/locations/northamerica-northeast2","labels":{"cloud.googleapis.com/location":"northamerica-northeast2","cloud.googleapis.com/region":"northamerica-northeast2"},"metadata":{"@type":"type.googleapis.com/google.firestore.admin.v1.LocationMetadata"},"locationId":"northamerica-northeast2","displayName":"Toronto"},{"name":"projects/digital-life-lessons-9885d/locations/northamerica-south1","labels":{"cloud.googleapis.com/location":"northamerica-south1","cloud.googleapis.com/region":"northamerica-south1"},"metadata":{"@type":"type.googleapis.com/google.firestore.admin.v1.LocationMetadata"},"locationId":"northamerica-south1","displayName":"Mexico"},{"name":"projects/digital-life-lessons-9885d/locations/southamerica-east1","labels":{"appengine.googleapis.com/region":"southamerica-east1","cloud.googleapis.com/location":"southamerica-east1","cloud.googleapis.com/region":"southamerica-east1"},"metadata":{"@type":"type.googleapis.com/google.firestore.admin.v1.LocationMetadata"},"locationId":"southamerica-east1","displayName":"São Paulo"},{"name":"projects/digital-life-lessons-9885d/locations/southamerica-west1","labels":{"cloud.googleapis.com/location":"southamerica-west1","cloud.googleapis.com/region":"southamerica-west1"},"metadata":{"@type":"type.googleapis.com/google.firestore.admin.v1.LocationMetadata"},"locationId":"southamerica-west1","displayName":"Santiago"},{"name":"projects/digital-life-lessons-9885d/locations/us-central1","labels":{"cloud.googleapis.com/location":"us-central1","cloud.googleapis.com/region":"us-central1"},"metadata":{"@type":"type.googleapis.com/google.firestore.admin.v1.LocationMetadata"},"locationId":"us-central1","displayName":"Iowa"},{"name":"projects/digital-life-lessons-9885d/locations/us-east1","labels":{"appengine.googleapis.com/region":"us-east1","cloud.googleapis.com/location":"us-east1","cloud.googleapis.com/region":"us-east1"},"metadata":{"@type":"type.googleapis.com/google.firestore.admin.v1.LocationMetadata"},"locationId":"us-east1","displayName":"South Carolina"},{"name":"projects/digital-life-lessons-9885d/locations/us-east4","labels":{"appengine.googleapis.com/region":"us-east4","cloud.googleapis.com/location":"us-east4","cloud.googleapis.com/region":"us-east4"},"metadata":{"@type":"type.googleapis.com/google.firestore.admin.v1.LocationMetadata"},"locationId":"us-east4","displayName":"Northern Virginia"},{"name":"projects/digital-life-lessons-9885d/locations/us-east5","labels":{"cloud.googleapis.com/location":"us-east5","cloud.googleapis.com/region":"us-east5"},"metadata":{"@type":"type.googleapis.com/google.firestore.admin.v1.LocationMetadata"},"locationId":"us-east5","displayName":"Columbus"},{"name":"projects/digital-life-lessons-9885d/locations/us-south1","labels":{"cloud.googleapis.com/location":"us-south1","cloud.googleapis.com/region":"us-south1"},"metadata":{"@type":"type.googleapis.com/google.firestore.admin.v1.LocationMetadata"},"locationId":"us-south1","displayName":"Dallas"},{"name":"projects/digital-life-lessons-9885d/locations/us-west1","labels":{"appengine.googleapis.com/region":"us-west1","cloud.googleapis.com/location":"us-west1","cloud.googleapis.com/region":"us-west1"},"metadata":{"@type":"type.googleapis.com/google.firestore.admin.v1.LocationMetadata"},"locationId":"us-west1","displayName":"Oregon"},{"name":"projects/digital-life-lessons-9885d/locations/us-west2","labels":{"appengine.googleapis.com/region":"us-west2","cloud.googleapis.com/location":"us-west2","cloud.googleapis.com/region":"us-west2"},"metadata":{"@type":"type.googleapis.com/google.firestore.admin.v1.LocationMetadata"},"locationId":"us-west2","displayName":"Los Angeles"},{"name":"projects/digital-life-lessons-9885d/locations/us-west3","labels":{"appengine.googleapis.com/region":"us-west3","cloud.googleapis.com/location":"us-west3","cloud.googleapis.com/region":"us-west3"},"metadata":{"@type":"type.googleapis.com/google.firestore.admin.v1.LocationMetadata"},"locationId":"us-west3","displayName":"Salt Lake City"},{"name":"projects/digital-life-lessons-9885d/locations/us-west4","labels":{"appengine.googleapis.com/region":"us-west4","cloud.googleapis.com/location":"us-west4","cloud.googleapis.com/region":"us-west4"},"metadata":{"@type":"type.googleapis.com/google.firestore.admin.v1.LocationMetadata"},"locationId":"us-west4","displayName":"Las Vegas"}]}
[info] 
[info] Firestore Security Rules allow you to define how and when to allow
[info] requests. You can keep these rules in your project directory
[info] and publish them with firebase deploy.
[info] 
[debug] [2026-02-10T10:27:04.916Z] ExitPromptError: User force closed the prompt with SIGINT
    at Interface.sigint (C:\Users\smbap\AppData\Roaming\npm\node_modules\firebase-tools\node_modules\@inquirer\core\dist\commonjs\lib\create-prompt.js:101:37)
    at Interface.emit (node:events:508:28)
    at [_ttyWrite] [as _ttyWrite] (node:internal/readline/interface:1327:18)
    at ReadStream.onkeypress (node:internal/readline/interface:284:20)
    at ReadStream.emit (node:events:520:35)
    at emitKeys (node:internal/readline/utils:371:14)
    at emitKeys.next (<anonymous>)
    at ReadStream.onData (node:internal/readline/emitKeypressEvents:64:36)
    at ReadStream.emit (node:events:508:28)
    at addChunk (node:internal/streams/readable:559:12)
[error] 
[error] Error: An unexpected error has occurred.
